  [1m[36m (48.3ms)[0m  [1mCREATE TABLE "schema_migrations" ("version" varchar(255) NOT NULL) [0m
  [1m[35m (18.6ms)[0m  CREATE UNIQUE INDEX "unique_schema_migrations" ON "schema_migrations" ("version")
  [1m[36mActiveRecord::SchemaMigration Load (0.5ms)[0m  [1mSELECT "schema_migrations".* FROM "schema_migrations"[0m
Migrating to CreateUsers (20161013054623)
  [1m[35m (9.2ms)[0m  begin transaction
  [1m[36m (1.7ms)[0m  [1mCREATE TABLE "users" ("id" INTEGER PRIMARY KEY AUTOINCREMENT NOT NULL, "email" varchar(255) DEFAULT '' NOT NULL, "encrypted_password" varchar(255) DEFAULT '' NOT NULL, "reset_password_token" varchar(255), "reset_password_sent_at" datetime, "remember_created_at" datetime, "sign_in_count" integer DEFAULT 0 NOT NULL, "current_sign_in_at" datetime, "last_sign_in_at" datetime, "current_sign_in_ip" varchar(255), "last_sign_in_ip" varchar(255), "username" varchar(255) DEFAULT '' NOT NULL, "role" varchar(255) DEFAULT '' NOT NULL, "name" varchar(255), "unit_id" integer, "locked_at" datetime, "failed_attempts" integer DEFAULT 0, "created_at" datetime, "updated_at" datetime) [0m
  [1m[35m (10.4ms)[0m  CREATE UNIQUE INDEX "index_users_on_reset_password_token" ON "users" ("reset_password_token")
  [1m[36m (0.3ms)[0m  [1mCREATE UNIQUE INDEX "index_users_on_username" ON "users" ("username")[0m
  [1m[35mSQL (0.8ms)[0m  INSERT INTO "schema_migrations" ("version") VALUES (?)  [["version", "20161013054623"]]
  [1m[36m (19.9ms)[0m  [1mcommit transaction[0m
Migrating to CreateUnit (20161013060922)
  [1m[35m (0.1ms)[0m  begin transaction
  [1m[36m (1.7ms)[0m  [1mCREATE TABLE "units" ("id" INTEGER PRIMARY KEY AUTOINCREMENT NOT NULL, "name" varchar(255), "desc" varchar(255), "no" varchar(255), "short_name" varchar(255), "tcbd_khdh" varchar(255), "level" integer, "parent_id" integer, "created_at" datetime, "updated_at" datetime) [0m
  [1m[35m (0.4ms)[0m  CREATE UNIQUE INDEX "index_units_on_name" ON "units" ("name")
  [1m[36mSQL (0.8ms)[0m  [1mINSERT INTO "schema_migrations" ("version") VALUES (?)[0m  [["version", "20161013060922"]]
  [1m[35m (20.3ms)[0m  commit transaction
Migrating to CreateUserLog (20161013062005)
  [1m[36m (0.1ms)[0m  [1mbegin transaction[0m
  [1m[35m (2.9ms)[0m  CREATE TABLE "user_logs" ("id" INTEGER PRIMARY KEY AUTOINCREMENT NOT NULL, "user_id" integer DEFAULT 0 NOT NULL, "operation" varchar(255) DEFAULT '' NOT NULL, "object_class" varchar(255), "object_primary_key" integer, "object_symbol" varchar(255), "desc" varchar(255), "parent_id" integer, "parent_type" varchar(255), "created_at" datetime, "updated_at" datetime) 
  [1m[36mSQL (1.3ms)[0m  [1mINSERT INTO "schema_migrations" ("version") VALUES (?)[0m  [["version", "20161013062005"]]
  [1m[35m (21.0ms)[0m  commit transaction
Migrating to CreateRole (20161013082925)
  [1m[36m (0.2ms)[0m  [1mbegin transaction[0m
  [1m[35m (1.2ms)[0m  CREATE TABLE "roles" ("id" INTEGER PRIMARY KEY AUTOINCREMENT NOT NULL, "user_id" integer, "unit_id" integer, "role" varchar(255), "created_at" datetime, "updated_at" datetime) 
  [1m[36mSQL (0.9ms)[0m  [1mINSERT INTO "schema_migrations" ("version") VALUES (?)[0m  [["version", "20161013082925"]]
  [1m[35m (17.9ms)[0m  commit transaction
  [1m[36mActiveRecord::SchemaMigration Load (0.1ms)[0m  [1mSELECT "schema_migrations".* FROM "schema_migrations"[0m
  [1m[36mActiveRecord::SchemaMigration Load (0.1ms)[0m  [1mSELECT "schema_migrations".* FROM "schema_migrations"[0m
  [1m[35m (0.1ms)[0m  begin transaction
  [1m[36mUnit Exists (0.2ms)[0m  [1mSELECT 1 AS one FROM "units" WHERE "units"."name" = 'unit1_name' LIMIT 1[0m
  [1m[35mUnit Exists (0.1ms)[0m  SELECT 1 AS one FROM "units" WHERE "units"."short_name" = 'ut1' LIMIT 1
  [1m[36mSQL (3.6ms)[0m  [1mINSERT INTO "units" ("created_at", "desc", "level", "name", "no", "short_name", "updated_at") VALUES (?, ?, ?, ?, ?, ?, ?)[0m  [["created_at", Mon, 17 Jun 2019 11:10:16 CST +08:00], ["desc", "unit1_desc"], ["level", 1], ["name", "unit1_name"], ["no", "0001"], ["short_name", "ut1"], ["updated_at", Mon, 17 Jun 2019 11:10:16 CST +08:00]]
  [1m[35m (37.2ms)[0m  commit transaction
  [1m[36m (0.1ms)[0m  [1mbegin transaction[0m
  [1m[35mUser Exists (0.2ms)[0m  SELECT 1 AS one FROM "users" WHERE "users"."email" = 'superadmin@examples.com' LIMIT 1
  [1m[36mUser Exists (0.1ms)[0m  [1mSELECT 1 AS one FROM "users" WHERE "users"."username" = 'superadmin' LIMIT 1[0m
Binary data inserted for `string` type on column `encrypted_password`
  [1m[35mSQL (1.6ms)[0m  INSERT INTO "users" ("created_at", "email", "encrypted_password", "name", "role", "unit_id", "updated_at", "username") VALUES (?, ?, ?, ?, ?, ?, ?, ?)  [["created_at", Mon, 17 Jun 2019 11:10:16 CST +08:00], ["email", "superadmin@examples.com"], ["encrypted_password", "$2a$10$.Dfg0Bzp9eTt0mRkLPEZXeHTLrh33rhsB.8G52k5j4BsjveeZ/rpS"], ["name", "superadmin"], ["role", "superadmin"], ["unit_id", 0], ["updated_at", Mon, 17 Jun 2019 11:10:16 CST +08:00], ["username", "superadmin"]]
  [1m[36m (22.7ms)[0m  [1mcommit transaction[0m
  [1m[35m (0.1ms)[0m  begin transaction
  [1m[36mRole Exists (0.2ms)[0m  [1mSELECT 1 AS one FROM "roles" WHERE ("roles"."user_id" = 1 AND "roles"."unit_id" = 1 AND "roles"."role" = 'superadmin') LIMIT 1[0m
  [1m[35mSQL (1.0ms)[0m  INSERT INTO "roles" ("created_at", "role", "unit_id", "updated_at", "user_id") VALUES (?, ?, ?, ?, ?)  [["created_at", Mon, 17 Jun 2019 11:10:16 CST +08:00], ["role", "superadmin"], ["unit_id", 1], ["updated_at", Mon, 17 Jun 2019 11:10:16 CST +08:00], ["user_id", 1]]
  [1m[36m (14.9ms)[0m  [1mcommit transaction[0m


Started GET "/" for 192.168.247.2 at 2019-06-17 11:12:40 +0800
  [1m[36mActiveRecord::SchemaMigration Load (0.2ms)[0m  [1mSELECT "schema_migrations".* FROM "schema_migrations"[0m
Processing by WelcomeController#index as HTML
Completed 401 Unauthorized in 69ms


Started GET "/users/sign_in" for 192.168.247.2 at 2019-06-17 11:12:41 +0800
Processing by Users::SessionsController#new as HTML
  Rendered users/sessions/new.html.erb within layouts/application (38.9ms)
Completed 200 OK in 3139ms (Views: 3109.4ms | ActiveRecord: 0.8ms)


Started GET "/assets/application.css?body=1" for 192.168.247.2 at 2019-06-17 11:12:44 +0800


Started GET "/assets/bootstrap_and_overrides.css?body=1" for 192.168.247.2 at 2019-06-17 11:12:44 +0800


Started GET "/assets/scaffolds.css?body=1" for 192.168.247.2 at 2019-06-17 11:12:44 +0800


Started GET "/assets/wice_grid.css?body=1" for 192.168.247.2 at 2019-06-17 11:12:44 +0800


Started GET "/assets/jquery.js?body=1" for 192.168.247.2 at 2019-06-17 11:12:44 +0800


Started GET "/assets/jquery_ujs.js?body=1" for 192.168.247.2 at 2019-06-17 11:12:44 +0800


Started GET "/assets/jquery.ui.core.js?body=1" for 192.168.247.2 at 2019-06-17 11:12:44 +0800


Started GET "/assets/jquery.ui.widget.js?body=1" for 192.168.247.2 at 2019-06-17 11:12:44 +0800


Started GET "/assets/jquery.ui.accordion.js?body=1" for 192.168.247.2 at 2019-06-17 11:12:45 +0800


Started GET "/assets/jquery.ui.position.js?body=1" for 192.168.247.2 at 2019-06-17 11:12:45 +0800


Started GET "/assets/jquery.ui.menu.js?body=1" for 192.168.247.2 at 2019-06-17 11:12:45 +0800


Started GET "/assets/jquery.ui.autocomplete.js?body=1" for 192.168.247.2 at 2019-06-17 11:12:45 +0800


Started GET "/assets/jquery.ui.button.js?body=1" for 192.168.247.2 at 2019-06-17 11:12:45 +0800


Started GET "/assets/jquery.ui.mouse.js?body=1" for 192.168.247.2 at 2019-06-17 11:12:45 +0800


Started GET "/assets/jquery.ui.datepicker.js?body=1" for 192.168.247.2 at 2019-06-17 11:12:45 +0800


Started GET "/assets/jquery.ui.dialog.js?body=1" for 192.168.247.2 at 2019-06-17 11:12:45 +0800


Started GET "/assets/jquery.ui.resizable.js?body=1" for 192.168.247.2 at 2019-06-17 11:12:45 +0800


Started GET "/assets/jquery.ui.draggable.js?body=1" for 192.168.247.2 at 2019-06-17 11:12:45 +0800


Started GET "/assets/jquery.ui.droppable.js?body=1" for 192.168.247.2 at 2019-06-17 11:12:45 +0800


Started GET "/assets/jquery.ui.effect.js?body=1" for 192.168.247.2 at 2019-06-17 11:12:45 +0800


Started GET "/assets/jquery.ui.effect-blind.js?body=1" for 192.168.247.2 at 2019-06-17 11:12:45 +0800


Started GET "/assets/jquery.ui.effect-bounce.js?body=1" for 192.168.247.2 at 2019-06-17 11:12:45 +0800


Started GET "/assets/jquery.ui.effect-clip.js?body=1" for 192.168.247.2 at 2019-06-17 11:12:45 +0800


Started GET "/assets/jquery.ui.effect-drop.js?body=1" for 192.168.247.2 at 2019-06-17 11:12:45 +0800


Started GET "/assets/jquery.ui.effect-fade.js?body=1" for 192.168.247.2 at 2019-06-17 11:12:45 +0800


Started GET "/assets/jquery.ui.effect-explode.js?body=1" for 192.168.247.2 at 2019-06-17 11:12:45 +0800


Started GET "/assets/jquery.ui.effect-fold.js?body=1" for 192.168.247.2 at 2019-06-17 11:12:45 +0800


Started GET "/assets/jquery.ui.effect-highlight.js?body=1" for 192.168.247.2 at 2019-06-17 11:12:45 +0800


Started GET "/assets/jquery.ui.effect-pulsate.js?body=1" for 192.168.247.2 at 2019-06-17 11:12:45 +0800


Started GET "/assets/jquery.ui.effect-scale.js?body=1" for 192.168.247.2 at 2019-06-17 11:12:45 +0800


Started GET "/assets/jquery.ui.effect-shake.js?body=1" for 192.168.247.2 at 2019-06-17 11:12:45 +0800


Started GET "/assets/jquery.ui.effect-slide.js?body=1" for 192.168.247.2 at 2019-06-17 11:12:45 +0800


Started GET "/assets/jquery.ui.effect-transfer.js?body=1" for 192.168.247.2 at 2019-06-17 11:12:45 +0800


Started GET "/assets/jquery.ui.progressbar.js?body=1" for 192.168.247.2 at 2019-06-17 11:12:45 +0800


Started GET "/assets/jquery.ui.selectable.js?body=1" for 192.168.247.2 at 2019-06-17 11:12:45 +0800


Started GET "/assets/jquery.ui.slider.js?body=1" for 192.168.247.2 at 2019-06-17 11:12:45 +0800


Started GET "/assets/jquery.ui.sortable.js?body=1" for 192.168.247.2 at 2019-06-17 11:12:45 +0800


Started GET "/assets/jquery.ui.spinner.js?body=1" for 192.168.247.2 at 2019-06-17 11:12:45 +0800


Started GET "/assets/jquery.ui.tabs.js?body=1" for 192.168.247.2 at 2019-06-17 11:12:45 +0800


Started GET "/assets/jquery.ui.tooltip.js?body=1" for 192.168.247.2 at 2019-06-17 11:12:45 +0800


Started GET "/assets/jquery.ui.all.js?body=1" for 192.168.247.2 at 2019-06-17 11:12:45 +0800


Started GET "/assets/wice_grid_processor.js?body=1" for 192.168.247.2 at 2019-06-17 11:12:45 +0800


Started GET "/assets/wice_grid_init.js?body=1" for 192.168.247.2 at 2019-06-17 11:12:45 +0800


Started GET "/assets/wice_grid_saved_queries_init.js?body=1" for 192.168.247.2 at 2019-06-17 11:12:45 +0800


Started GET "/assets/wice_grid.js?body=1" for 192.168.247.2 at 2019-06-17 11:12:45 +0800


Started GET "/assets/autocomplete-rails.js?body=1" for 192.168.247.2 at 2019-06-17 11:12:45 +0800


Started GET "/assets/twitter/bootstrap/transition.js?body=1" for 192.168.247.2 at 2019-06-17 11:12:45 +0800


Started GET "/assets/twitter/bootstrap/alert.js?body=1" for 192.168.247.2 at 2019-06-17 11:12:45 +0800


Started GET "/assets/twitter/bootstrap/modal.js?body=1" for 192.168.247.2 at 2019-06-17 11:12:45 +0800


Started GET "/assets/twitter/bootstrap/dropdown.js?body=1" for 192.168.247.2 at 2019-06-17 11:12:45 +0800


Started GET "/assets/twitter/bootstrap/scrollspy.js?body=1" for 192.168.247.2 at 2019-06-17 11:12:45 +0800


Started GET "/assets/twitter/bootstrap/tab.js?body=1" for 192.168.247.2 at 2019-06-17 11:12:45 +0800


Started GET "/assets/twitter/bootstrap/tooltip.js?body=1" for 192.168.247.2 at 2019-06-17 11:12:45 +0800


Started GET "/assets/twitter/bootstrap/popover.js?body=1" for 192.168.247.2 at 2019-06-17 11:12:45 +0800


Started GET "/assets/twitter/bootstrap/button.js?body=1" for 192.168.247.2 at 2019-06-17 11:12:45 +0800


Started GET "/assets/twitter/bootstrap/collapse.js?body=1" for 192.168.247.2 at 2019-06-17 11:12:46 +0800


Started GET "/assets/twitter/bootstrap/carousel.js?body=1" for 192.168.247.2 at 2019-06-17 11:12:46 +0800


Started GET "/assets/twitter/bootstrap/affix.js?body=1" for 192.168.247.2 at 2019-06-17 11:12:46 +0800


Started GET "/assets/twitter/bootstrap.js?body=1" for 192.168.247.2 at 2019-06-17 11:12:46 +0800


Started GET "/assets/turbolinks.js?body=1" for 192.168.247.2 at 2019-06-17 11:12:46 +0800


Started GET "/assets/bootstrap.js?body=1" for 192.168.247.2 at 2019-06-17 11:12:46 +0800


Started GET "/assets/date_pickers.js?body=1" for 192.168.247.2 at 2019-06-17 11:12:46 +0800


Started GET "/assets/datepicker.js?body=1" for 192.168.247.2 at 2019-06-17 11:12:46 +0800


Started GET "/assets/application.js?body=1" for 192.168.247.2 at 2019-06-17 11:12:46 +0800


Started GET "/assets/login_bg.jpg" for 192.168.247.2 at 2019-06-17 11:12:46 +0800


Started GET "/assets/login_btn.jpg" for 192.168.247.2 at 2019-06-17 11:12:46 +0800


Started GET "/images/favicon.ico" for 192.168.247.2 at 2019-06-17 11:12:46 +0800

ActionController::RoutingError (No route matches [GET] "/images/favicon.ico"):
  actionpack (4.0.2) lib/action_dispatch/middleware/debug_exceptions.rb:21:in `call'
  actionpack (4.0.2) lib/action_dispatch/middleware/show_exceptions.rb:30:in `call'
  railties (4.0.2) lib/rails/rack/logger.rb:38:in `call_app'
  railties (4.0.2) lib/rails/rack/logger.rb:20:in `block in call'
  activesupport (4.0.2) lib/active_support/tagged_logging.rb:67:in `block in tagged'
  activesupport (4.0.2) lib/active_support/tagged_logging.rb:25:in `tagged'
  activesupport (4.0.2) lib/active_support/tagged_logging.rb:67:in `tagged'
  railties (4.0.2) lib/rails/rack/logger.rb:20:in `call'
  actionpack (4.0.2) lib/action_dispatch/middleware/request_id.rb:21:in `call'
  rack (1.5.2) lib/rack/methodoverride.rb:21:in `call'
  rack (1.5.2) lib/rack/runtime.rb:17:in `call'
  activesupport (4.0.2) lib/active_support/cache/strategy/local_cache.rb:83:in `call'
  rack (1.5.2) lib/rack/lock.rb:17:in `call'
  actionpack (4.0.2) lib/action_dispatch/middleware/static.rb:64:in `call'
  rack (1.5.2) lib/rack/sendfile.rb:112:in `call'
  railties (4.0.2) lib/rails/engine.rb:511:in `call'
  railties (4.0.2) lib/rails/application.rb:97:in `call'
  rack (1.5.2) lib/rack/lock.rb:17:in `call'
  rack (1.5.2) lib/rack/content_length.rb:14:in `call'
  rack (1.5.2) lib/rack/handler/webrick.rb:60:in `service'
  /home/gaohelie/.rvm/rubies/ruby-2.1.1/lib/ruby/2.1.0/webrick/httpserver.rb:138:in `service'
  /home/gaohelie/.rvm/rubies/ruby-2.1.1/lib/ruby/2.1.0/webrick/httpserver.rb:94:in `run'
  /home/gaohelie/.rvm/rubies/ruby-2.1.1/lib/ruby/2.1.0/webrick/server.rb:295:in `block in start_thread'


  Rendered /home/gaohelie/.rvm/gems/ruby-2.1.1/gems/actionpack-4.0.2/lib/action_dispatch/middleware/templates/rescues/_trace.erb (2.7ms)
  Rendered /home/gaohelie/.rvm/gems/ruby-2.1.1/gems/actionpack-4.0.2/lib/action_dispatch/middleware/templates/routes/_route.html.erb (7.3ms)
  Rendered /home/gaohelie/.rvm/gems/ruby-2.1.1/gems/actionpack-4.0.2/lib/action_dispatch/middleware/templates/routes/_table.html.erb (8.1ms)
  Rendered /home/gaohelie/.rvm/gems/ruby-2.1.1/gems/actionpack-4.0.2/lib/action_dispatch/middleware/templates/rescues/routing_error.erb within rescues/layout (101.9ms)


Started POST "/users/sign_in" for 192.168.247.2 at 2019-06-17 11:13:11 +0800
Processing by Users::SessionsController#create as HTML
  Parameters: {"utf8"=>"âœ“", "authenticity_token"=>"QMj7kp7355gf0ERdGrMPuAQERX9XEUb0rzzkNbxMbbg=", "user"=>{"username"=>"superadmin", "password"=>"[FILTERED]", "remember_me"=>"1"}, "commit"=>""}
  [1m[35mUser Load (0.5ms)[0m  SELECT "users".* FROM "users" WHERE "users"."username" = 'superadmin' ORDER BY "users"."id" ASC LIMIT 1
  [1m[36m (0.1ms)[0m  [1mbegin transaction[0m
  [1m[35mSQL (3.8ms)[0m  UPDATE "users" SET "remember_created_at" = ?, "updated_at" = ? WHERE "users"."id" = 1  [["remember_created_at", Mon, 17 Jun 2019 11:13:11 CST +08:00], ["updated_at", Mon, 17 Jun 2019 11:13:11 CST +08:00]]
  [1m[36m (28.2ms)[0m  [1mcommit transaction[0m
  [1m[35m (0.1ms)[0m  begin transaction
Binary data inserted for `string` type on column `last_sign_in_ip`
Binary data inserted for `string` type on column `current_sign_in_ip`
  [1m[36mSQL (1.5ms)[0m  [1mUPDATE "users" SET "last_sign_in_at" = ?, "current_sign_in_at" = ?, "last_sign_in_ip" = ?, "current_sign_in_ip" = ?, "sign_in_count" = ?, "updated_at" = ? WHERE "users"."id" = 1[0m  [["last_sign_in_at", Mon, 17 Jun 2019 11:13:11 CST +08:00], ["current_sign_in_at", Mon, 17 Jun 2019 11:13:11 CST +08:00], ["last_sign_in_ip", "192.168.247.2"], ["current_sign_in_ip", "192.168.247.2"], ["sign_in_count", 1], ["updated_at", Mon, 17 Jun 2019 11:13:11 CST +08:00]]
  [1m[35m (17.8ms)[0m  commit transaction
  [1m[36m (0.1ms)[0m  [1mbegin transaction[0m
  [1m[35mSQL (0.7ms)[0m  INSERT INTO "user_logs" ("created_at", "operation", "updated_at", "user_id") VALUES (?, ?, ?, ?)  [["created_at", Mon, 17 Jun 2019 11:13:11 CST +08:00], ["operation", "ç”¨æˆ·ç™»å½•"], ["updated_at", Mon, 17 Jun 2019 11:13:11 CST +08:00], ["user_id", 1]]
  [1m[36m (18.3ms)[0m  [1mcommit transaction[0m
Redirected to http://localhost:3000/
Completed 302 Found in 281ms (ActiveRecord: 71.6ms)


Started GET "/" for 192.168.247.2 at 2019-06-17 11:13:11 +0800
Processing by WelcomeController#index as HTML
  [1m[35mUser Load (0.4ms)[0m  SELECT "users".* FROM "users" WHERE "users"."id" = 1 ORDER BY "users"."id" ASC LIMIT 1
  Rendered welcome/index.html.erb within layouts/application (0.7ms)
Completed 200 OK in 232ms (Views: 228.7ms | ActiveRecord: 0.4ms)


Started GET "/assets/bootstrap_and_overrides.css?body=1" for 192.168.247.2 at 2019-06-17 11:13:11 +0800


Started GET "/assets/scaffolds.css?body=1" for 192.168.247.2 at 2019-06-17 11:13:11 +0800


Started GET "/assets/wice_grid.css?body=1" for 192.168.247.2 at 2019-06-17 11:13:11 +0800


Started GET "/assets/application.css?body=1" for 192.168.247.2 at 2019-06-17 11:13:11 +0800


Started GET "/assets/loading.gif" for 192.168.247.2 at 2019-06-17 11:13:11 +0800


Started GET "/assets/top_bg.png" for 192.168.247.2 at 2019-06-17 11:13:12 +0800


Started GET "/assets/glyphicons-halflings-regular.woff" for 192.168.247.2 at 2019-06-17 11:13:12 +0800


Started GET "/assets/left_logo.png" for 192.168.247.2 at 2019-06-17 11:13:12 +0800


Started GET "/assets/logo.png" for 192.168.247.2 at 2019-06-17 11:13:12 +0800


Started GET "/units/" for 192.168.247.2 at 2019-06-17 11:13:27 +0800
Processing by UnitsController#index as HTML
  [1m[36mUser Load (0.3ms)[0m  [1mSELECT "users".* FROM "users" WHERE "users"."id" = 1 ORDER BY "users"."id" ASC LIMIT 1[0m
  [1m[35mUnit Load (0.3ms)[0m  SELECT "units".* FROM "units"
  [1m[36m (0.2ms)[0m  [1mSELECT COUNT(*) FROM "units"[0m
  [1m[35mUnit Load (0.2ms)[0m  SELECT "units".* FROM "units" LIMIT 20 OFFSET 0
  Rendered units/index.html.erb within layouts/application (357.6ms)
Completed 200 OK in 566ms (Views: 553.7ms | ActiveRecord: 1.6ms)


Started GET "/images/icons/grid/collapse.gif" for 192.168.247.2 at 2019-06-17 11:13:28 +0800

ActionController::RoutingError (No route matches [GET] "/images/icons/grid/collapse.gif"):
  actionpack (4.0.2) lib/action_dispatch/middleware/debug_exceptions.rb:21:in `call'
  actionpack (4.0.2) lib/action_dispatch/middleware/show_exceptions.rb:30:in `call'
  railties (4.0.2) lib/rails/rack/logger.rb:38:in `call_app'
  railties (4.0.2) lib/rails/rack/logger.rb:20:in `block in call'
  activesupport (4.0.2) lib/active_support/tagged_logging.rb:67:in `block in tagged'
  activesupport (4.0.2) lib/active_support/tagged_logging.rb:25:in `tagged'
  activesupport (4.0.2) lib/active_support/tagged_logging.rb:67:in `tagged'
  railties (4.0.2) lib/rails/rack/logger.rb:20:in `call'
  actionpack (4.0.2) lib/action_dispatch/middleware/request_id.rb:21:in `call'
  rack (1.5.2) lib/rack/methodoverride.rb:21:in `call'
  rack (1.5.2) lib/rack/runtime.rb:17:in `call'
  activesupport (4.0.2) lib/active_support/cache/strategy/local_cache.rb:83:in `call'
  rack (1.5.2) lib/rack/lock.rb:17:in `call'
  actionpack (4.0.2) lib/action_dispatch/middleware/static.rb:64:in `call'
  rack (1.5.2) lib/rack/sendfile.rb:112:in `call'
  railties (4.0.2) lib/rails/engine.rb:511:in `call'
  railties (4.0.2) lib/rails/application.rb:97:in `call'
  rack (1.5.2) lib/rack/lock.rb:17:in `call'
  rack (1.5.2) lib/rack/content_length.rb:14:in `call'
  rack (1.5.2) lib/rack/handler/webrick.rb:60:in `service'
  /home/gaohelie/.rvm/rubies/ruby-2.1.1/lib/ruby/2.1.0/webrick/httpserver.rb:138:in `service'
  /home/gaohelie/.rvm/rubies/ruby-2.1.1/lib/ruby/2.1.0/webrick/httpserver.rb:94:in `run'
  /home/gaohelie/.rvm/rubies/ruby-2.1.1/lib/ruby/2.1.0/webrick/server.rb:295:in `block in start_thread'


  Rendered /home/gaohelie/.rvm/gems/ruby-2.1.1/gems/actionpack-4.0.2/lib/action_dispatch/middleware/templates/rescues/_trace.erb (1.8ms)
  Rendered /home/gaohelie/.rvm/gems/ruby-2.1.1/gems/actionpack-4.0.2/lib/action_dispatch/middleware/templates/routes/_route.html.erb (3.5ms)
  Rendered /home/gaohelie/.rvm/gems/ruby-2.1.1/gems/actionpack-4.0.2/lib/action_dispatch/middleware/templates/routes/_table.html.erb (1.7ms)
  Rendered /home/gaohelie/.rvm/gems/ruby-2.1.1/gems/actionpack-4.0.2/lib/action_dispatch/middleware/templates/rescues/routing_error.erb within rescues/layout (45.2ms)


Started GET "/assets/icons/grid/table_refresh.png" for 192.168.247.2 at 2019-06-17 11:13:28 +0800


Started GET "/assets/fontawesome-webfont.woff" for 192.168.247.2 at 2019-06-17 11:13:28 +0800


Started GET "/assets/icons/grid/expand.gif" for 192.168.247.2 at 2019-06-17 11:13:28 +0800


Started GET "/assets/icons/grid/table.png" for 192.168.247.2 at 2019-06-17 11:13:28 +0800


Started GET "/units/1/users" for 192.168.247.2 at 2019-06-17 11:13:30 +0800
Processing by UnitUsersController#index as HTML
  Parameters: {"unit_id"=>"1"}
  [1m[36mUser Load (0.3ms)[0m  [1mSELECT "users".* FROM "users" WHERE "users"."id" = 1 ORDER BY "users"."id" ASC LIMIT 1[0m
  [1m[35mUnit Load (0.2ms)[0m  SELECT "units".* FROM "units" WHERE "units"."id" = ? LIMIT 1  [["id", "1"]]
  [1m[36m (0.2ms)[0m  [1mSELECT COUNT(*) FROM "users" WHERE "users"."unit_id" = ?[0m  [["unit_id", 1]]
  [1m[35mUser Load (0.2ms)[0m  SELECT "users".* FROM "users" WHERE "users"."unit_id" = ? LIMIT 20 OFFSET 0  [["unit_id", 1]]
  Rendered unit_users/index.html.erb within layouts/application (9.5ms)
Completed 200 OK in 269ms (Views: 184.3ms | ActiveRecord: 0.9ms)


Started GET "/units/1/users/new" for 192.168.247.2 at 2019-06-17 11:13:32 +0800
Processing by UnitUsersController#new as HTML
  Parameters: {"unit_id"=>"1"}
  [1m[36mUser Load (0.4ms)[0m  [1mSELECT "users".* FROM "users" WHERE "users"."id" = 1 ORDER BY "users"."id" ASC LIMIT 1[0m
  [1m[35mUnit Load (0.1ms)[0m  SELECT "units".* FROM "units" WHERE "units"."id" = ? LIMIT 1  [["id", "1"]]
  Rendered unit_users/_form.html.erb (12.6ms)
  Rendered unit_users/new.html.erb within layouts/application (14.6ms)
Completed 200 OK in 198ms (Views: 184.1ms | ActiveRecord: 0.5ms)


Started POST "/units/1/users" for 192.168.247.2 at 2019-06-17 11:13:48 +0800
Processing by UnitUsersController#create as HTML
  Parameters: {"utf8"=>"âœ“", "authenticity_token"=>"Prsv8sTPeYNGfykznECvr4zpAn064tize8gUUUyqJQc=", "user"=>{"username"=>"admin", "name"=>"admin", "password"=>"[FILTERED]", "email"=>"", "role"=>"unitadmin"}, "commit"=>"æ–°å¢žç”¨æˆ·ç®¡ç†", "unit_id"=>"1"}
  [1m[36mUser Load (0.6ms)[0m  [1mSELECT "users".* FROM "users" WHERE "users"."id" = 1 ORDER BY "users"."id" ASC LIMIT 1[0m
  [1m[35mUnit Load (0.2ms)[0m  SELECT "units".* FROM "units" WHERE "units"."id" = ? LIMIT 1  [["id", "1"]]
  [1m[36m (0.1ms)[0m  [1mbegin transaction[0m
  [1m[35mUser Exists (0.3ms)[0m  SELECT 1 AS one FROM "users" WHERE "users"."username" = 'admin' LIMIT 1
Binary data inserted for `string` type on column `encrypted_password`
  [1m[36mSQL (1.7ms)[0m  [1mINSERT INTO "users" ("created_at", "encrypted_password", "name", "role", "unit_id", "updated_at", "username") VALUES (?, ?, ?, ?, ?, ?, ?)[0m  [["created_at", Mon, 17 Jun 2019 11:13:48 CST +08:00], ["encrypted_password", "$2a$10$h67dNT1bNd5Fn4xGOAavEOVO9h/OufKKzjm0LrDYlvmu7qqHnCraK"], ["name", "admin"], ["role", "unitadmin"], ["unit_id", 1], ["updated_at", Mon, 17 Jun 2019 11:13:48 CST +08:00], ["username", "admin"]]
  [1m[35m (24.5ms)[0m  commit transaction
Redirected to http://localhost:3000/units/1/users/2
  [1m[36m (0.1ms)[0m  [1mbegin transaction[0m
  [1m[35m (0.1ms)[0m  rollback transaction
Completed 302 Found in 143ms (ActiveRecord: 27.6ms)


Started GET "/units/1/users/2" for 192.168.247.2 at 2019-06-17 11:13:48 +0800
Processing by UnitUsersController#show as HTML
  Parameters: {"unit_id"=>"1", "id"=>"2"}
  [1m[36mUser Load (0.3ms)[0m  [1mSELECT "users".* FROM "users" WHERE "users"."id" = 1 ORDER BY "users"."id" ASC LIMIT 1[0m
  [1m[35mUnit Load (0.1ms)[0m  SELECT "units".* FROM "units" WHERE "units"."id" = ? LIMIT 1  [["id", "1"]]
  [1m[36mUser Load (0.2ms)[0m  [1mSELECT "users".* FROM "users" WHERE "users"."unit_id" = ? AND "users"."id" = ? LIMIT 1[0m  [["unit_id", 1], ["id", "2"]]
  [1m[35mUnit Load (0.1ms)[0m  SELECT "units".* FROM "units" WHERE "units"."id" = ? LIMIT 1  [["id", 1]]
  Rendered unit_users/show.html.erb within layouts/application (4.8ms)
Completed 200 OK in 196ms (Views: 184.9ms | ActiveRecord: 0.7ms)


Started GET "/assets/application.css?body=1" for 192.168.247.2 at 2019-06-17 11:13:49 +0800


Started GET "/assets/bootstrap_and_overrides.css?body=1" for 192.168.247.2 at 2019-06-17 11:13:49 +0800


Started GET "/assets/scaffolds.css?body=1" for 192.168.247.2 at 2019-06-17 11:13:49 +0800


Started GET "/assets/wice_grid.css?body=1" for 192.168.247.2 at 2019-06-17 11:13:49 +0800


Started GET "/units/1/users" for 192.168.247.2 at 2019-06-17 11:13:50 +0800
Processing by UnitUsersController#index as HTML
  Parameters: {"unit_id"=>"1"}
  [1m[36mUser Load (0.4ms)[0m  [1mSELECT "users".* FROM "users" WHERE "users"."id" = 1 ORDER BY "users"."id" ASC LIMIT 1[0m
  [1m[35mUnit Load (0.1ms)[0m  SELECT "units".* FROM "units" WHERE "units"."id" = ? LIMIT 1  [["id", "1"]]
  [1m[36m (0.1ms)[0m  [1mSELECT COUNT(*) FROM "users" WHERE "users"."unit_id" = ?[0m  [["unit_id", 1]]
  [1m[35mUser Load (0.1ms)[0m  SELECT "users".* FROM "users" WHERE "users"."unit_id" = ? LIMIT 20 OFFSET 0  [["unit_id", 1]]
  Rendered unit_users/index.html.erb within layouts/application (8.9ms)
Completed 200 OK in 173ms (Views: 158.4ms | ActiveRecord: 0.7ms)


Started GET "/users/2/roles" for 192.168.247.2 at 2019-06-17 11:13:52 +0800
Processing by UserRolesController#index as HTML
  Parameters: {"user_id"=>"2"}
  [1m[36mUser Load (0.2ms)[0m  [1mSELECT "users".* FROM "users" WHERE "users"."id" = 1 ORDER BY "users"."id" ASC LIMIT 1[0m
  [1m[35mUser Load (0.2ms)[0m  SELECT "users".* FROM "users" WHERE "users"."id" = ? LIMIT 1  [["id", "2"]]
  [1m[36mRole Load (0.2ms)[0m  [1mSELECT "roles".* FROM "roles" WHERE "roles"."user_id" = ?[0m  [["user_id", 2]]
  [1m[35mUnit Load (0.2ms)[0m  SELECT "units".* FROM "units" WHERE "units"."id" = ? ORDER BY "units"."id" ASC LIMIT 1  [["id", 1]]
  Rendered user_roles/index.html.erb within layouts/application (4.8ms)
Completed 200 OK in 194ms (Views: 178.8ms | ActiveRecord: 1.0ms)


Started GET "/users/2/roles/new" for 192.168.247.2 at 2019-06-17 11:13:53 +0800
Processing by UserRolesController#new as HTML
  Parameters: {"user_id"=>"2"}
  [1m[36mUser Load (0.3ms)[0m  [1mSELECT "users".* FROM "users" WHERE "users"."id" = 1 ORDER BY "users"."id" ASC LIMIT 1[0m
  [1m[35mUser Load (0.1ms)[0m  SELECT "users".* FROM "users" WHERE "users"."id" = ? LIMIT 1  [["id", "2"]]
  [1m[36mUnit Load (0.2ms)[0m  [1mSELECT "units".* FROM "units" WHERE "units"."id" = ? ORDER BY "units"."id" ASC LIMIT 1[0m  [["id", 1]]
  [1m[35mUnit Load (0.2ms)[0m  SELECT "units".* FROM "units" WHERE "units"."parent_id" = 1
  Rendered user_roles/_form.html.erb (4.7ms)
  Rendered user_roles/new.html.erb within layouts/application (9.7ms)
Completed 200 OK in 203ms (Views: 184.2ms | ActiveRecord: 1.1ms)


Started GET "/users/" for 192.168.247.2 at 2019-06-17 11:14:08 +0800
Processing by UsersController#index as HTML
  [1m[36mUser Load (0.4ms)[0m  [1mSELECT "users".* FROM "users" WHERE "users"."id" = 1 ORDER BY "users"."id" ASC LIMIT 1[0m
  [1m[35mUnit Load (0.2ms)[0m  SELECT "units".* FROM "units"
  [1m[36m (0.2ms)[0m  [1mSELECT COUNT(*) FROM "users"[0m
  [1m[35mUser Load (0.4ms)[0m  SELECT "users".* FROM "users" LIMIT 20 OFFSET 0
  [1m[36mUnit Load (0.1ms)[0m  [1mSELECT "units".* FROM "units" WHERE "units"."id" = ? ORDER BY "units"."id" ASC LIMIT 1[0m  [["id", 0]]
  [1m[35mUnit Load (0.1ms)[0m  SELECT "units".* FROM "units" WHERE "units"."id" = ? ORDER BY "units"."id" ASC LIMIT 1  [["id", 1]]
  Rendered users/index.html.erb within layouts/application (70.1ms)
Completed 200 OK in 700ms (Views: 673.5ms | ActiveRecord: 1.4ms)


Started GET "/images/icons/grid/collapse.gif" for 192.168.247.2 at 2019-06-17 11:14:09 +0800

ActionController::RoutingError (No route matches [GET] "/images/icons/grid/collapse.gif"):
  actionpack (4.0.2) lib/action_dispatch/middleware/debug_exceptions.rb:21:in `call'
  actionpack (4.0.2) lib/action_dispatch/middleware/show_exceptions.rb:30:in `call'
  railties (4.0.2) lib/rails/rack/logger.rb:38:in `call_app'
  railties (4.0.2) lib/rails/rack/logger.rb:20:in `block in call'
  activesupport (4.0.2) lib/active_support/tagged_logging.rb:67:in `block in tagged'
  activesupport (4.0.2) lib/active_support/tagged_logging.rb:25:in `tagged'
  activesupport (4.0.2) lib/active_support/tagged_logging.rb:67:in `tagged'
  railties (4.0.2) lib/rails/rack/logger.rb:20:in `call'
  actionpack (4.0.2) lib/action_dispatch/middleware/request_id.rb:21:in `call'
  rack (1.5.2) lib/rack/methodoverride.rb:21:in `call'
  rack (1.5.2) lib/rack/runtime.rb:17:in `call'
  activesupport (4.0.2) lib/active_support/cache/strategy/local_cache.rb:83:in `call'
  rack (1.5.2) lib/rack/lock.rb:17:in `call'
  actionpack (4.0.2) lib/action_dispatch/middleware/static.rb:64:in `call'
  rack (1.5.2) lib/rack/sendfile.rb:112:in `call'
  railties (4.0.2) lib/rails/engine.rb:511:in `call'
  railties (4.0.2) lib/rails/application.rb:97:in `call'
  rack (1.5.2) lib/rack/lock.rb:17:in `call'
  rack (1.5.2) lib/rack/content_length.rb:14:in `call'
  rack (1.5.2) lib/rack/handler/webrick.rb:60:in `service'
  /home/gaohelie/.rvm/rubies/ruby-2.1.1/lib/ruby/2.1.0/webrick/httpserver.rb:138:in `service'
  /home/gaohelie/.rvm/rubies/ruby-2.1.1/lib/ruby/2.1.0/webrick/httpserver.rb:94:in `run'
  /home/gaohelie/.rvm/rubies/ruby-2.1.1/lib/ruby/2.1.0/webrick/server.rb:295:in `block in start_thread'


  Rendered /home/gaohelie/.rvm/gems/ruby-2.1.1/gems/actionpack-4.0.2/lib/action_dispatch/middleware/templates/rescues/_trace.erb (1.5ms)
  Rendered /home/gaohelie/.rvm/gems/ruby-2.1.1/gems/actionpack-4.0.2/lib/action_dispatch/middleware/templates/routes/_route.html.erb (19.2ms)
  Rendered /home/gaohelie/.rvm/gems/ruby-2.1.1/gems/actionpack-4.0.2/lib/action_dispatch/middleware/templates/routes/_table.html.erb (1.9ms)
  Rendered /home/gaohelie/.rvm/gems/ruby-2.1.1/gems/actionpack-4.0.2/lib/action_dispatch/middleware/templates/rescues/routing_error.erb within rescues/layout (130.0ms)


Started GET "/users/2/roles" for 192.168.247.2 at 2019-06-17 11:14:11 +0800
Processing by UserRolesController#index as HTML
  Parameters: {"user_id"=>"2"}
  [1m[36mUser Load (0.4ms)[0m  [1mSELECT "users".* FROM "users" WHERE "users"."id" = 1 ORDER BY "users"."id" ASC LIMIT 1[0m
  [1m[35mUser Load (0.1ms)[0m  SELECT "users".* FROM "users" WHERE "users"."id" = ? LIMIT 1  [["id", "2"]]
  [1m[36mRole Load (0.1ms)[0m  [1mSELECT "roles".* FROM "roles" WHERE "roles"."user_id" = ?[0m  [["user_id", 2]]
  [1m[35mUnit Load (0.1ms)[0m  SELECT "units".* FROM "units" WHERE "units"."id" = ? ORDER BY "units"."id" ASC LIMIT 1  [["id", 1]]
  Rendered user_roles/index.html.erb within layouts/application (12.3ms)
Completed 200 OK in 803ms (Views: 750.3ms | ActiveRecord: 0.8ms)


Started GET "/users/2/roles/new" for 192.168.247.2 at 2019-06-17 11:14:13 +0800
Processing by UserRolesController#new as HTML
  Parameters: {"user_id"=>"2"}
  [1m[36mUser Load (0.2ms)[0m  [1mSELECT "users".* FROM "users" WHERE "users"."id" = 1 ORDER BY "users"."id" ASC LIMIT 1[0m
  [1m[35mUser Load (0.1ms)[0m  SELECT "users".* FROM "users" WHERE "users"."id" = ? LIMIT 1  [["id", "2"]]
  [1m[36mUnit Load (0.1ms)[0m  [1mSELECT "units".* FROM "units" WHERE "units"."id" = ? ORDER BY "units"."id" ASC LIMIT 1[0m  [["id", 1]]
  [1m[35mUnit Load (0.2ms)[0m  SELECT "units".* FROM "units" WHERE "units"."parent_id" = 1
  Rendered user_roles/_form.html.erb (4.1ms)
  Rendered user_roles/new.html.erb within layouts/application (6.4ms)
Completed 200 OK in 180ms (Views: 168.5ms | ActiveRecord: 0.6ms)


Started GET "/units/" for 192.168.247.2 at 2019-06-17 11:14:15 +0800
Processing by UnitsController#index as HTML
  [1m[36mUser Load (0.2ms)[0m  [1mSELECT "users".* FROM "users" WHERE "users"."id" = 1 ORDER BY "users"."id" ASC LIMIT 1[0m
  [1m[35mUnit Load (0.2ms)[0m  SELECT "units".* FROM "units"
  [1m[36m (0.1ms)[0m  [1mSELECT COUNT(*) FROM "units"[0m
  [1m[35mUnit Load (0.1ms)[0m  SELECT "units".* FROM "units" LIMIT 20 OFFSET 0
  Rendered units/index.html.erb within layouts/application (15.9ms)
Completed 200 OK in 186ms (Views: 179.6ms | ActiveRecord: 0.7ms)


Started GET "/units/1/users" for 192.168.247.2 at 2019-06-17 11:14:17 +0800
Processing by UnitUsersController#index as HTML
  Parameters: {"unit_id"=>"1"}
  [1m[36mUser Load (0.3ms)[0m  [1mSELECT "users".* FROM "users" WHERE "users"."id" = 1 ORDER BY "users"."id" ASC LIMIT 1[0m
  [1m[35mUnit Load (0.1ms)[0m  SELECT "units".* FROM "units" WHERE "units"."id" = ? LIMIT 1  [["id", "1"]]
  [1m[36m (0.1ms)[0m  [1mSELECT COUNT(*) FROM "users" WHERE "users"."unit_id" = ?[0m  [["unit_id", 1]]
  [1m[35mUser Load (0.1ms)[0m  SELECT "users".* FROM "users" WHERE "users"."unit_id" = ? LIMIT 20 OFFSET 0  [["unit_id", 1]]
  Rendered unit_users/index.html.erb within layouts/application (8.7ms)
Completed 200 OK in 193ms (Views: 179.7ms | ActiveRecord: 0.7ms)


Started GET "/users/2/roles" for 192.168.247.2 at 2019-06-17 11:14:18 +0800
Processing by UserRolesController#index as HTML
  Parameters: {"user_id"=>"2"}
  [1m[36mUser Load (0.3ms)[0m  [1mSELECT "users".* FROM "users" WHERE "users"."id" = 1 ORDER BY "users"."id" ASC LIMIT 1[0m
  [1m[35mUser Load (0.1ms)[0m  SELECT "users".* FROM "users" WHERE "users"."id" = ? LIMIT 1  [["id", "2"]]
  [1m[36mRole Load (0.1ms)[0m  [1mSELECT "roles".* FROM "roles" WHERE "roles"."user_id" = ?[0m  [["user_id", 2]]
  [1m[35mUnit Load (0.1ms)[0m  SELECT "units".* FROM "units" WHERE "units"."id" = ? ORDER BY "units"."id" ASC LIMIT 1  [["id", 1]]
  Rendered user_roles/index.html.erb within layouts/application (2.5ms)
Completed 200 OK in 183ms (Views: 173.3ms | ActiveRecord: 0.6ms)


Started GET "/users/2/roles/new" for 192.168.247.2 at 2019-06-17 11:14:20 +0800
Processing by UserRolesController#new as HTML
  Parameters: {"user_id"=>"2"}
  [1m[36mUser Load (0.3ms)[0m  [1mSELECT "users".* FROM "users" WHERE "users"."id" = 1 ORDER BY "users"."id" ASC LIMIT 1[0m
  [1m[35mUser Load (0.1ms)[0m  SELECT "users".* FROM "users" WHERE "users"."id" = ? LIMIT 1  [["id", "2"]]
  [1m[36mUnit Load (0.1ms)[0m  [1mSELECT "units".* FROM "units" WHERE "units"."id" = ? ORDER BY "units"."id" ASC LIMIT 1[0m  [["id", 1]]
  [1m[35mUnit Load (0.2ms)[0m  SELECT "units".* FROM "units" WHERE "units"."parent_id" = 1
  Rendered user_roles/_form.html.erb (4.0ms)
  Rendered user_roles/new.html.erb within layouts/application (7.0ms)
Completed 200 OK in 178ms (Views: 166.7ms | ActiveRecord: 0.8ms)


Started GET "/users/2/roles/new" for 192.168.247.2 at 2019-06-17 11:16:45 +0800
Processing by UserRolesController#new as HTML
  Parameters: {"user_id"=>"2"}
  [1m[36mUser Load (0.6ms)[0m  [1mSELECT "users".* FROM "users" WHERE "users"."id" = 1 ORDER BY "users"."id" ASC LIMIT 1[0m
  [1m[35mUser Load (0.3ms)[0m  SELECT "users".* FROM "users" WHERE "users"."id" = ? LIMIT 1  [["id", "2"]]
  [1m[36mUnit Load (0.2ms)[0m  [1mSELECT "units".* FROM "units" WHERE "units"."id" = ? ORDER BY "units"."id" ASC LIMIT 1[0m  [["id", 1]]
  [1m[35mUnit Load (0.2ms)[0m  SELECT "units".* FROM "units" WHERE (units.parent_id = 1 or units.id = 1)
  Rendered user_roles/_form.html.erb (5.3ms)
  Rendered user_roles/new.html.erb within layouts/application (10.1ms)
Completed 200 OK in 335ms (Views: 317.8ms | ActiveRecord: 1.2ms)


Started GET "/assets/application.css?body=1" for 192.168.247.2 at 2019-06-17 11:16:45 +0800


Started GET "/assets/scaffolds.css?body=1" for 192.168.247.2 at 2019-06-17 11:16:45 +0800


Started GET "/assets/wice_grid.css?body=1" for 192.168.247.2 at 2019-06-17 11:16:45 +0800


Started GET "/assets/bootstrap_and_overrides.css?body=1" for 192.168.247.2 at 2019-06-17 11:16:45 +0800


Started GET "/units/" for 192.168.247.2 at 2019-06-17 11:16:52 +0800
Processing by UnitsController#index as HTML
  [1m[36mUser Load (0.4ms)[0m  [1mSELECT "users".* FROM "users" WHERE "users"."id" = 1 ORDER BY "users"."id" ASC LIMIT 1[0m
  [1m[35mUnit Load (0.3ms)[0m  SELECT "units".* FROM "units"
  [1m[36m (0.3ms)[0m  [1mSELECT COUNT(*) FROM "units"[0m
  [1m[35mUnit Load (0.1ms)[0m  SELECT "units".* FROM "units" LIMIT 20 OFFSET 0
  Rendered units/index.html.erb within layouts/application (18.9ms)
Completed 200 OK in 284ms (Views: 274.2ms | ActiveRecord: 1.1ms)


Started GET "/images/icons/grid/collapse.gif" for 192.168.247.2 at 2019-06-17 11:16:52 +0800

ActionController::RoutingError (No route matches [GET] "/images/icons/grid/collapse.gif"):
  actionpack (4.0.2) lib/action_dispatch/middleware/debug_exceptions.rb:21:in `call'
  actionpack (4.0.2) lib/action_dispatch/middleware/show_exceptions.rb:30:in `call'
  railties (4.0.2) lib/rails/rack/logger.rb:38:in `call_app'
  railties (4.0.2) lib/rails/rack/logger.rb:20:in `block in call'
  activesupport (4.0.2) lib/active_support/tagged_logging.rb:67:in `block in tagged'
  activesupport (4.0.2) lib/active_support/tagged_logging.rb:25:in `tagged'
  activesupport (4.0.2) lib/active_support/tagged_logging.rb:67:in `tagged'
  railties (4.0.2) lib/rails/rack/logger.rb:20:in `call'
  actionpack (4.0.2) lib/action_dispatch/middleware/request_id.rb:21:in `call'
  rack (1.5.2) lib/rack/methodoverride.rb:21:in `call'
  rack (1.5.2) lib/rack/runtime.rb:17:in `call'
  activesupport (4.0.2) lib/active_support/cache/strategy/local_cache.rb:83:in `call'
  rack (1.5.2) lib/rack/lock.rb:17:in `call'
  actionpack (4.0.2) lib/action_dispatch/middleware/static.rb:64:in `call'
  rack (1.5.2) lib/rack/sendfile.rb:112:in `call'
  railties (4.0.2) lib/rails/engine.rb:511:in `call'
  railties (4.0.2) lib/rails/application.rb:97:in `call'
  rack (1.5.2) lib/rack/lock.rb:17:in `call'
  rack (1.5.2) lib/rack/content_length.rb:14:in `call'
  rack (1.5.2) lib/rack/handler/webrick.rb:60:in `service'
  /home/gaohelie/.rvm/rubies/ruby-2.1.1/lib/ruby/2.1.0/webrick/httpserver.rb:138:in `service'
  /home/gaohelie/.rvm/rubies/ruby-2.1.1/lib/ruby/2.1.0/webrick/httpserver.rb:94:in `run'
  /home/gaohelie/.rvm/rubies/ruby-2.1.1/lib/ruby/2.1.0/webrick/server.rb:295:in `block in start_thread'


  Rendered /home/gaohelie/.rvm/gems/ruby-2.1.1/gems/actionpack-4.0.2/lib/action_dispatch/middleware/templates/rescues/_trace.erb (1.3ms)
  Rendered /home/gaohelie/.rvm/gems/ruby-2.1.1/gems/actionpack-4.0.2/lib/action_dispatch/middleware/templates/routes/_route.html.erb (5.4ms)
  Rendered /home/gaohelie/.rvm/gems/ruby-2.1.1/gems/actionpack-4.0.2/lib/action_dispatch/middleware/templates/routes/_table.html.erb (1.4ms)
  Rendered /home/gaohelie/.rvm/gems/ruby-2.1.1/gems/actionpack-4.0.2/lib/action_dispatch/middleware/templates/rescues/routing_error.erb within rescues/layout (39.5ms)


Started GET "/units/1/edit" for 192.168.247.2 at 2019-06-17 11:16:55 +0800
Processing by UnitsController#edit as HTML
  Parameters: {"id"=>"1"}
  [1m[36mUser Load (0.7ms)[0m  [1mSELECT "users".* FROM "users" WHERE "users"."id" = 1 ORDER BY "users"."id" ASC LIMIT 1[0m
  [1m[35mUnit Load (0.2ms)[0m  SELECT "units".* FROM "units" WHERE "units"."id" = ? LIMIT 1  [["id", "1"]]
  [1m[36mUnit Load (0.4ms)[0m  [1mSELECT "units".* FROM "units" WHERE (level in (1,2)) ORDER BY "units"."level" ASC, "units"."id" ASC[0m
  Rendered units/_form.html.erb (12.8ms)
  Rendered units/edit.html.erb within layouts/application (15.0ms)
Completed 200 OK in 237ms (Views: 227.2ms | ActiveRecord: 1.2ms)


Started PATCH "/units/1" for 192.168.247.2 at 2019-06-17 11:17:06 +0800
Processing by UnitsController#update as HTML
  Parameters: {"utf8"=>"âœ“", "authenticity_token"=>"Prsv8sTPeYNGfykznECvr4zpAn064tize8gUUUyqJQc=", "unit"=>{"no"=>"0001", "name"=>"unit1", "short_name"=>"ut1", "desc"=>"unit1_desc", "tcbd_khdh"=>"", "level"=>"1", "parent_id"=>"1"}, "commit"=>"æ›´æ–°å•ä½ç®¡ç†", "id"=>"1"}
  [1m[35mUser Load (1.1ms)[0m  SELECT "users".* FROM "users" WHERE "users"."id" = 1 ORDER BY "users"."id" ASC LIMIT 1
  [1m[36mUnit Load (0.2ms)[0m  [1mSELECT "units".* FROM "units" WHERE "units"."id" = ? LIMIT 1[0m  [["id", "1"]]
Unpermitted parameters: level
  [1m[35m (0.1ms)[0m  begin transaction
  [1m[36mUnit Exists (0.1ms)[0m  [1mSELECT 1 AS one FROM "units" WHERE ("units"."name" = 'unit1' AND "units"."id" != 1) LIMIT 1[0m
  [1m[35mUnit Exists (0.1ms)[0m  SELECT 1 AS one FROM "units" WHERE ("units"."short_name" = 'ut1' AND "units"."id" != 1) LIMIT 1
  [1m[36mSQL (0.7ms)[0m  [1mUPDATE "units" SET "name" = ?, "tcbd_khdh" = ?, "parent_id" = ?, "updated_at" = ? WHERE "units"."id" = 1[0m  [["name", "unit1"], ["tcbd_khdh", ""], ["parent_id", 1], ["updated_at", Mon, 17 Jun 2019 11:17:06 CST +08:00]]
  [1m[35m (30.9ms)[0m  commit transaction
Redirected to http://localhost:3000/units/1
Completed 302 Found in 52ms (ActiveRecord: 33.1ms)


Started GET "/units/1" for 192.168.247.2 at 2019-06-17 11:17:06 +0800
Processing by UnitsController#show as HTML
  Parameters: {"id"=>"1"}
  [1m[36mUser Load (0.2ms)[0m  [1mSELECT "users".* FROM "users" WHERE "users"."id" = 1 ORDER BY "users"."id" ASC LIMIT 1[0m
  [1m[35mUnit Load (0.1ms)[0m  SELECT "units".* FROM "units" WHERE "units"."id" = ? LIMIT 1  [["id", "1"]]
  [1m[36mUnit Load (0.2ms)[0m  [1mSELECT "units".* FROM "units" WHERE "units"."id" = 1 LIMIT 1[0m
  Rendered units/show.html.erb within layouts/application (4.5ms)
Completed 200 OK in 224ms (Views: 217.2ms | ActiveRecord: 0.6ms)


Started GET "/assets/application.css?body=1" for 192.168.247.2 at 2019-06-17 11:17:07 +0800


Started GET "/assets/bootstrap_and_overrides.css?body=1" for 192.168.247.2 at 2019-06-17 11:17:07 +0800


Started GET "/assets/scaffolds.css?body=1" for 192.168.247.2 at 2019-06-17 11:17:07 +0800


Started GET "/assets/wice_grid.css?body=1" for 192.168.247.2 at 2019-06-17 11:17:07 +0800


Started GET "/units" for 192.168.247.2 at 2019-06-17 11:17:09 +0800
Processing by UnitsController#index as HTML
  [1m[35mUser Load (0.4ms)[0m  SELECT "users".* FROM "users" WHERE "users"."id" = 1 ORDER BY "users"."id" ASC LIMIT 1
  [1m[36mUnit Load (0.2ms)[0m  [1mSELECT "units".* FROM "units"[0m
  [1m[35m (0.1ms)[0m  SELECT COUNT(*) FROM "units"
  [1m[36mUnit Load (0.2ms)[0m  [1mSELECT "units".* FROM "units" LIMIT 20 OFFSET 0[0m
  [1m[35mUnit Load (0.2ms)[0m  SELECT "units".* FROM "units" WHERE "units"."id" = 1 LIMIT 1
  Rendered units/index.html.erb within layouts/application (14.8ms)
Completed 200 OK in 235ms (Views: 227.7ms | ActiveRecord: 1.1ms)


Started GET "/images/icons/grid/collapse.gif" for 192.168.247.2 at 2019-06-17 11:17:09 +0800

ActionController::RoutingError (No route matches [GET] "/images/icons/grid/collapse.gif"):
  actionpack (4.0.2) lib/action_dispatch/middleware/debug_exceptions.rb:21:in `call'
  actionpack (4.0.2) lib/action_dispatch/middleware/show_exceptions.rb:30:in `call'
  railties (4.0.2) lib/rails/rack/logger.rb:38:in `call_app'
  railties (4.0.2) lib/rails/rack/logger.rb:20:in `block in call'
  activesupport (4.0.2) lib/active_support/tagged_logging.rb:67:in `block in tagged'
  activesupport (4.0.2) lib/active_support/tagged_logging.rb:25:in `tagged'
  activesupport (4.0.2) lib/active_support/tagged_logging.rb:67:in `tagged'
  railties (4.0.2) lib/rails/rack/logger.rb:20:in `call'
  actionpack (4.0.2) lib/action_dispatch/middleware/request_id.rb:21:in `call'
  rack (1.5.2) lib/rack/methodoverride.rb:21:in `call'
  rack (1.5.2) lib/rack/runtime.rb:17:in `call'
  activesupport (4.0.2) lib/active_support/cache/strategy/local_cache.rb:83:in `call'
  rack (1.5.2) lib/rack/lock.rb:17:in `call'
  actionpack (4.0.2) lib/action_dispatch/middleware/static.rb:64:in `call'
  rack (1.5.2) lib/rack/sendfile.rb:112:in `call'
  railties (4.0.2) lib/rails/engine.rb:511:in `call'
  railties (4.0.2) lib/rails/application.rb:97:in `call'
  rack (1.5.2) lib/rack/lock.rb:17:in `call'
  rack (1.5.2) lib/rack/content_length.rb:14:in `call'
  rack (1.5.2) lib/rack/handler/webrick.rb:60:in `service'
  /home/gaohelie/.rvm/rubies/ruby-2.1.1/lib/ruby/2.1.0/webrick/httpserver.rb:138:in `service'
  /home/gaohelie/.rvm/rubies/ruby-2.1.1/lib/ruby/2.1.0/webrick/httpserver.rb:94:in `run'
  /home/gaohelie/.rvm/rubies/ruby-2.1.1/lib/ruby/2.1.0/webrick/server.rb:295:in `block in start_thread'


  Rendered /home/gaohelie/.rvm/gems/ruby-2.1.1/gems/actionpack-4.0.2/lib/action_dispatch/middleware/templates/rescues/_trace.erb (1.8ms)
  Rendered /home/gaohelie/.rvm/gems/ruby-2.1.1/gems/actionpack-4.0.2/lib/action_dispatch/middleware/templates/routes/_route.html.erb (11.0ms)
  Rendered /home/gaohelie/.rvm/gems/ruby-2.1.1/gems/actionpack-4.0.2/lib/action_dispatch/middleware/templates/routes/_table.html.erb (1.2ms)
  Rendered /home/gaohelie/.rvm/gems/ruby-2.1.1/gems/actionpack-4.0.2/lib/action_dispatch/middleware/templates/rescues/routing_error.erb within rescues/layout (53.3ms)


Started GET "/units/1/users" for 192.168.247.2 at 2019-06-17 11:17:11 +0800
Processing by UnitUsersController#index as HTML
  Parameters: {"unit_id"=>"1"}
  [1m[36mUser Load (0.3ms)[0m  [1mSELECT "users".* FROM "users" WHERE "users"."id" = 1 ORDER BY "users"."id" ASC LIMIT 1[0m
  [1m[35mUnit Load (0.2ms)[0m  SELECT "units".* FROM "units" WHERE "units"."id" = ? LIMIT 1  [["id", "1"]]
  [1m[36m (0.2ms)[0m  [1mSELECT COUNT(*) FROM "users" WHERE "users"."unit_id" = ?[0m  [["unit_id", 1]]
  [1m[35mUser Load (0.1ms)[0m  SELECT "users".* FROM "users" WHERE "users"."unit_id" = ? LIMIT 20 OFFSET 0  [["unit_id", 1]]
  Rendered unit_users/index.html.erb within layouts/application (8.5ms)
Completed 200 OK in 226ms (Views: 209.6ms | ActiveRecord: 0.8ms)


Started GET "/users/2/roles" for 192.168.247.2 at 2019-06-17 11:17:15 +0800
Processing by UserRolesController#index as HTML
  Parameters: {"user_id"=>"2"}
  [1m[36mUser Load (0.5ms)[0m  [1mSELECT "users".* FROM "users" WHERE "users"."id" = 1 ORDER BY "users"."id" ASC LIMIT 1[0m
  [1m[35mUser Load (0.2ms)[0m  SELECT "users".* FROM "users" WHERE "users"."id" = ? LIMIT 1  [["id", "2"]]
  [1m[36mRole Load (0.1ms)[0m  [1mSELECT "roles".* FROM "roles" WHERE "roles"."user_id" = ?[0m  [["user_id", 2]]
  [1m[35mUnit Load (0.1ms)[0m  SELECT "units".* FROM "units" WHERE "units"."id" = ? ORDER BY "units"."id" ASC LIMIT 1  [["id", 1]]
  Rendered user_roles/index.html.erb within layouts/application (2.5ms)
Completed 200 OK in 194ms (Views: 179.2ms | ActiveRecord: 0.9ms)


Started GET "/users/2/roles/new" for 192.168.247.2 at 2019-06-17 11:17:17 +0800
Processing by UserRolesController#new as HTML
  Parameters: {"user_id"=>"2"}
  [1m[36mUser Load (0.3ms)[0m  [1mSELECT "users".* FROM "users" WHERE "users"."id" = 1 ORDER BY "users"."id" ASC LIMIT 1[0m
  [1m[35mUser Load (0.2ms)[0m  SELECT "users".* FROM "users" WHERE "users"."id" = ? LIMIT 1  [["id", "2"]]
  [1m[36mUnit Load (0.1ms)[0m  [1mSELECT "units".* FROM "units" WHERE "units"."id" = ? ORDER BY "units"."id" ASC LIMIT 1[0m  [["id", 1]]
  [1m[35mUnit Load (0.2ms)[0m  SELECT "units".* FROM "units" WHERE (units.parent_id = 1 or units.id = 1)
  Rendered user_roles/_form.html.erb (8.9ms)
  Rendered user_roles/new.html.erb within layouts/application (12.0ms)
Completed 200 OK in 244ms (Views: 231.2ms | ActiveRecord: 0.8ms)


Started POST "/users/2/roles" for 192.168.247.2 at 2019-06-17 11:17:19 +0800
Processing by UserRolesController#create as HTML
  Parameters: {"utf8"=>"âœ“", "authenticity_token"=>"Prsv8sTPeYNGfykznECvr4zpAn064tize8gUUUyqJQc=", "role"=>{"unit_id"=>"1", "role"=>"admin"}, "commit"=>"æ–°å¢žè§’è‰²ç®¡ç†", "user_id"=>"2"}
  [1m[36mUser Load (0.2ms)[0m  [1mSELECT "users".* FROM "users" WHERE "users"."id" = 1 ORDER BY "users"."id" ASC LIMIT 1[0m
  [1m[35mUser Load (0.1ms)[0m  SELECT "users".* FROM "users" WHERE "users"."id" = ? LIMIT 1  [["id", "2"]]
  [1m[36m (0.1ms)[0m  [1mbegin transaction[0m
  [1m[35mRole Exists (0.3ms)[0m  SELECT 1 AS one FROM "roles" WHERE ("roles"."user_id" = 2 AND "roles"."unit_id" = 1 AND "roles"."role" = 'admin') LIMIT 1
  [1m[36mSQL (0.7ms)[0m  [1mINSERT INTO "roles" ("created_at", "role", "unit_id", "updated_at", "user_id") VALUES (?, ?, ?, ?, ?)[0m  [["created_at", Mon, 17 Jun 2019 11:17:19 CST +08:00], ["role", "admin"], ["unit_id", 1], ["updated_at", Mon, 17 Jun 2019 11:17:19 CST +08:00], ["user_id", 2]]
  [1m[35m (29.7ms)[0m  commit transaction
Redirected to http://localhost:3000/users/2/roles
Completed 302 Found in 49ms (ActiveRecord: 31.2ms)


Started GET "/users/2/roles" for 192.168.247.2 at 2019-06-17 11:17:19 +0800
Processing by UserRolesController#index as HTML
  Parameters: {"user_id"=>"2"}
  [1m[36mUser Load (0.3ms)[0m  [1mSELECT "users".* FROM "users" WHERE "users"."id" = 1 ORDER BY "users"."id" ASC LIMIT 1[0m
  [1m[35mUser Load (0.1ms)[0m  SELECT "users".* FROM "users" WHERE "users"."id" = ? LIMIT 1  [["id", "2"]]
  [1m[36mRole Load (0.1ms)[0m  [1mSELECT "roles".* FROM "roles" WHERE "roles"."user_id" = ?[0m  [["user_id", 2]]
  [1m[35mUnit Load (0.1ms)[0m  SELECT "units".* FROM "units" WHERE "units"."id" = ? ORDER BY "units"."id" ASC LIMIT 1  [["id", 1]]
  [1m[36mCACHE (0.0ms)[0m  [1mSELECT "units".* FROM "units" WHERE "units"."id" = ? ORDER BY "units"."id" ASC LIMIT 1[0m  [["id", 1]]
  Rendered user_roles/index.html.erb within layouts/application (5.7ms)
Completed 200 OK in 194ms (Views: 182.9ms | ActiveRecord: 0.6ms)


Started GET "/assets/bootstrap_and_overrides.css?body=1" for 192.168.247.2 at 2019-06-17 11:17:19 +0800


Started GET "/assets/application.css?body=1" for 192.168.247.2 at 2019-06-17 11:17:19 +0800


Started GET "/assets/scaffolds.css?body=1" for 192.168.247.2 at 2019-06-17 11:17:19 +0800


Started GET "/assets/wice_grid.css?body=1" for 192.168.247.2 at 2019-06-17 11:17:19 +0800


Started GET "/users/2/roles" for 192.168.247.2 at 2019-06-17 11:25:40 +0800
  [1m[35mActiveRecord::SchemaMigration Load (0.1ms)[0m  SELECT "schema_migrations".* FROM "schema_migrations"

ActiveRecord::PendingMigrationError (Migrations are pending; run 'bin/rake db:migrate RAILS_ENV=development' to resolve this issue.):
  activerecord (4.0.2) lib/active_record/migration.rb:379:in `check_pending!'
  activerecord (4.0.2) lib/active_record/migration.rb:366:in `call'
  actionpack (4.0.2) lib/action_dispatch/middleware/callbacks.rb:29:in `block in call'
  activesupport (4.0.2) lib/active_support/callbacks.rb:373:in `_run__1033185572__call__callbacks'
  activesupport (4.0.2) lib/active_support/callbacks.rb:80:in `run_callbacks'
  actionpack (4.0.2) lib/action_dispatch/middleware/callbacks.rb:27:in `call'
  actionpack (4.0.2) lib/action_dispatch/middleware/reloader.rb:64:in `call'
  actionpack (4.0.2) lib/action_dispatch/middleware/remote_ip.rb:76:in `call'
  actionpack (4.0.2) lib/action_dispatch/middleware/debug_exceptions.rb:17:in `call'
  actionpack (4.0.2) lib/action_dispatch/middleware/show_exceptions.rb:30:in `call'
  railties (4.0.2) lib/rails/rack/logger.rb:38:in `call_app'
  railties (4.0.2) lib/rails/rack/logger.rb:20:in `block in call'
  activesupport (4.0.2) lib/active_support/tagged_logging.rb:67:in `block in tagged'
  activesupport (4.0.2) lib/active_support/tagged_logging.rb:25:in `tagged'
  activesupport (4.0.2) lib/active_support/tagged_logging.rb:67:in `tagged'
  railties (4.0.2) lib/rails/rack/logger.rb:20:in `call'
  actionpack (4.0.2) lib/action_dispatch/middleware/request_id.rb:21:in `call'
  rack (1.5.2) lib/rack/methodoverride.rb:21:in `call'
  rack (1.5.2) lib/rack/runtime.rb:17:in `call'
  activesupport (4.0.2) lib/active_support/cache/strategy/local_cache.rb:83:in `call'
  rack (1.5.2) lib/rack/lock.rb:17:in `call'
  actionpack (4.0.2) lib/action_dispatch/middleware/static.rb:64:in `call'
  rack (1.5.2) lib/rack/sendfile.rb:112:in `call'
  railties (4.0.2) lib/rails/engine.rb:511:in `call'
  railties (4.0.2) lib/rails/application.rb:97:in `call'
  rack (1.5.2) lib/rack/lock.rb:17:in `call'
  rack (1.5.2) lib/rack/content_length.rb:14:in `call'
  rack (1.5.2) lib/rack/handler/webrick.rb:60:in `service'
  /home/gaohelie/.rvm/rubies/ruby-2.1.1/lib/ruby/2.1.0/webrick/httpserver.rb:138:in `service'
  /home/gaohelie/.rvm/rubies/ruby-2.1.1/lib/ruby/2.1.0/webrick/httpserver.rb:94:in `run'
  /home/gaohelie/.rvm/rubies/ruby-2.1.1/lib/ruby/2.1.0/webrick/server.rb:295:in `block in start_thread'


  Rendered /home/gaohelie/.rvm/gems/ruby-2.1.1/gems/actionpack-4.0.2/lib/action_dispatch/middleware/templates/rescues/_source.erb (1.3ms)
  Rendered /home/gaohelie/.rvm/gems/ruby-2.1.1/gems/actionpack-4.0.2/lib/action_dispatch/middleware/templates/rescues/_trace.erb (1.6ms)
  Rendered /home/gaohelie/.rvm/gems/ruby-2.1.1/gems/actionpack-4.0.2/lib/action_dispatch/middleware/templates/rescues/_request_and_response.erb (2.6ms)
  Rendered /home/gaohelie/.rvm/gems/ruby-2.1.1/gems/actionpack-4.0.2/lib/action_dispatch/middleware/templates/rescues/diagnostics.erb within rescues/layout (45.7ms)
  [1m[36mActiveRecord::SchemaMigration Load (0.1ms)[0m  [1mSELECT "schema_migrations".* FROM "schema_migrations"[0m
Migrating to CreateUpDownloads (20180208065955)
  [1m[35m (0.1ms)[0m  begin transaction
  [1m[36m (1.7ms)[0m  [1mCREATE TABLE "up_downloads" ("id" INTEGER PRIMARY KEY AUTOINCREMENT NOT NULL, "name" varchar(255), "use" varchar(255), "desc" varchar(255), "ver_no" varchar(255), "url" varchar(255), "oper_date" datetime, "created_at" datetime, "updated_at" datetime) [0m
  [1m[35mSQL (0.6ms)[0m  INSERT INTO "schema_migrations" ("version") VALUES (?)  [["version", "20180208065955"]]
  [1m[36m (324.1ms)[0m  [1mcommit transaction[0m
  [1m[35mActiveRecord::SchemaMigration Load (0.2ms)[0m  SELECT "schema_migrations".* FROM "schema_migrations"


Started GET "/users/2/roles" for 192.168.247.2 at 2019-06-17 11:26:00 +0800
  [1m[36mActiveRecord::SchemaMigration Load (0.2ms)[0m  [1mSELECT "schema_migrations".* FROM "schema_migrations"[0m
Processing by UserRolesController#index as HTML
  Parameters: {"user_id"=>"2"}
  [1m[35mUser Load (0.3ms)[0m  SELECT "users".* FROM "users" WHERE "users"."id" = 1 ORDER BY "users"."id" ASC LIMIT 1
  [1m[36mUser Load (0.3ms)[0m  [1mSELECT "users".* FROM "users" WHERE "users"."id" = ? LIMIT 1[0m  [["id", "2"]]
  [1m[35mRole Load (0.2ms)[0m  SELECT "roles".* FROM "roles" WHERE "roles"."user_id" = ?  [["user_id", 2]]
  [1m[36mUnit Load (0.2ms)[0m  [1mSELECT "units".* FROM "units" WHERE "units"."id" = ? ORDER BY "units"."id" ASC LIMIT 1[0m  [["id", 1]]
  [1m[35mCACHE (0.0ms)[0m  SELECT "units".* FROM "units" WHERE "units"."id" = ? ORDER BY "units"."id" ASC LIMIT 1  [["id", 1]]
  Rendered user_roles/index.html.erb within layouts/application (849.2ms)
Completed 200 OK in 1526ms (Views: 1464.2ms | ActiveRecord: 2.5ms)


Started GET "/assets/bootstrap_and_overrides.css?body=1" for 192.168.247.2 at 2019-06-17 11:26:02 +0800


Started GET "/assets/wice_grid.css?body=1" for 192.168.247.2 at 2019-06-17 11:26:02 +0800


Started GET "/assets/scaffolds.css?body=1" for 192.168.247.2 at 2019-06-17 11:26:02 +0800


Started GET "/assets/application.css?body=1" for 192.168.247.2 at 2019-06-17 11:26:02 +0800


Started GET "/users/2/roles" for 192.168.247.2 at 2019-06-17 11:26:37 +0800
Processing by UserRolesController#index as HTML
  Parameters: {"user_id"=>"2"}
  [1m[36mUser Load (0.4ms)[0m  [1mSELECT "users".* FROM "users" WHERE "users"."id" = 1 ORDER BY "users"."id" ASC LIMIT 1[0m
  [1m[35mUser Load (0.3ms)[0m  SELECT "users".* FROM "users" WHERE "users"."id" = ? LIMIT 1  [["id", "2"]]
  [1m[36mRole Load (0.2ms)[0m  [1mSELECT "roles".* FROM "roles" WHERE "roles"."user_id" = ?[0m  [["user_id", 2]]
  [1m[35mUnit Load (0.2ms)[0m  SELECT "units".* FROM "units" WHERE "units"."id" = ? ORDER BY "units"."id" ASC LIMIT 1  [["id", 1]]
  [1m[36mCACHE (0.0ms)[0m  [1mSELECT "units".* FROM "units" WHERE "units"."id" = ? ORDER BY "units"."id" ASC LIMIT 1[0m  [["id", 1]]
  Rendered user_roles/index.html.erb within layouts/application (567.7ms)
Completed 200 OK in 830ms (Views: 781.4ms | ActiveRecord: 3.0ms)


Started GET "/assets/bootstrap_and_overrides.css?body=1" for 192.168.247.2 at 2019-06-17 11:26:38 +0800


Started GET "/assets/wice_grid.css?body=1" for 192.168.247.2 at 2019-06-17 11:26:38 +0800


Started GET "/assets/scaffolds.css?body=1" for 192.168.247.2 at 2019-06-17 11:26:38 +0800


Started GET "/assets/application.css?body=1" for 192.168.247.2 at 2019-06-17 11:26:38 +0800


Started GET "/up_downloads" for 192.168.247.2 at 2019-06-17 11:26:39 +0800
Processing by UpDownloadsController#index as HTML
  [1m[35mUser Load (0.4ms)[0m  SELECT "users".* FROM "users" WHERE "users"."id" = 1 ORDER BY "users"."id" ASC LIMIT 1
Completed 500 Internal Server Error in 14ms

CanCan::AccessDenied (You are not authorized to access this page.):
  cancancan (1.9.2) lib/cancan/ability.rb:219:in `authorize!'
  cancancan (1.9.2) lib/cancan/controller_additions.rb:338:in `authorize!'
  cancancan (1.9.2) lib/cancan/controller_resource.rb:41:in `authorize_resource'
  cancancan (1.9.2) lib/cancan/controller_resource.rb:26:in `load_and_authorize_resource'
  cancancan (1.9.2) lib/cancan/controller_resource.rb:10:in `block in add_before_filter'
  activesupport (4.0.2) lib/active_support/callbacks.rb:427:in `_run__964872959__process_action__callbacks'
  activesupport (4.0.2) lib/active_support/callbacks.rb:80:in `run_callbacks'
  actionpack (4.0.2) lib/abstract_controller/callbacks.rb:17:in `process_action'
  actionpack (4.0.2) lib/action_controller/metal/rescue.rb:29:in `process_action'
  actionpack (4.0.2) lib/action_controller/metal/instrumentation.rb:31:in `block in process_action'
  activesupport (4.0.2) lib/active_support/notifications.rb:159:in `block in instrument'
  activesupport (4.0.2) lib/active_support/notifications/instrumenter.rb:20:in `instrument'
  activesupport (4.0.2) lib/active_support/notifications.rb:159:in `instrument'
  actionpack (4.0.2) lib/action_controller/metal/instrumentation.rb:30:in `process_action'
  actionpack (4.0.2) lib/action_controller/metal/params_wrapper.rb:245:in `process_action'
  activerecord (4.0.2) lib/active_record/railties/controller_runtime.rb:18:in `process_action'
  actionpack (4.0.2) lib/abstract_controller/base.rb:136:in `process'
  actionpack (4.0.2) lib/abstract_controller/rendering.rb:44:in `process'
  actionpack (4.0.2) lib/action_controller/metal.rb:195:in `dispatch'
  actionpack (4.0.2) lib/action_controller/metal/rack_delegation.rb:13:in `dispatch'
  actionpack (4.0.2) lib/action_controller/metal.rb:231:in `block in action'
  actionpack (4.0.2) lib/action_dispatch/routing/route_set.rb:80:in `call'
  actionpack (4.0.2) lib/action_dispatch/routing/route_set.rb:80:in `dispatch'
  actionpack (4.0.2) lib/action_dispatch/routing/route_set.rb:48:in `call'
  actionpack (4.0.2) lib/action_dispatch/journey/router.rb:71:in `block in call'
  actionpack (4.0.2) lib/action_dispatch/journey/router.rb:59:in `each'
  actionpack (4.0.2) lib/action_dispatch/journey/router.rb:59:in `call'
  actionpack (4.0.2) lib/action_dispatch/routing/route_set.rb:680:in `call'
  warden (1.2.3) lib/warden/manager.rb:35:in `block in call'
  warden (1.2.3) lib/warden/manager.rb:34:in `catch'
  warden (1.2.3) lib/warden/manager.rb:34:in `call'
  rack (1.5.2) lib/rack/etag.rb:23:in `call'
  rack (1.5.2) lib/rack/conditionalget.rb:25:in `call'
  rack (1.5.2) lib/rack/head.rb:11:in `call'
  actionpack (4.0.2) lib/action_dispatch/middleware/params_parser.rb:27:in `call'
  actionpack (4.0.2) lib/action_dispatch/middleware/flash.rb:241:in `call'
  rack (1.5.2) lib/rack/session/abstract/id.rb:225:in `context'
  rack (1.5.2) lib/rack/session/abstract/id.rb:220:in `call'
  actionpack (4.0.2) lib/action_dispatch/middleware/cookies.rb:486:in `call'
  activerecord (4.0.2) lib/active_record/query_cache.rb:36:in `call'
  activerecord (4.0.2) lib/active_record/connection_adapters/abstract/connection_pool.rb:626:in `call'
  activerecord (4.0.2) lib/active_record/migration.rb:369:in `call'
  actionpack (4.0.2) lib/action_dispatch/middleware/callbacks.rb:29:in `block in call'
  activesupport (4.0.2) lib/active_support/callbacks.rb:373:in `_run__1033185572__call__callbacks'
  activesupport (4.0.2) lib/active_support/callbacks.rb:80:in `run_callbacks'
  actionpack (4.0.2) lib/action_dispatch/middleware/callbacks.rb:27:in `call'
  actionpack (4.0.2) lib/action_dispatch/middleware/reloader.rb:64:in `call'
  actionpack (4.0.2) lib/action_dispatch/middleware/remote_ip.rb:76:in `call'
  actionpack (4.0.2) lib/action_dispatch/middleware/debug_exceptions.rb:17:in `call'
  actionpack (4.0.2) lib/action_dispatch/middleware/show_exceptions.rb:30:in `call'
  railties (4.0.2) lib/rails/rack/logger.rb:38:in `call_app'
  railties (4.0.2) lib/rails/rack/logger.rb:20:in `block in call'
  activesupport (4.0.2) lib/active_support/tagged_logging.rb:67:in `block in tagged'
  activesupport (4.0.2) lib/active_support/tagged_logging.rb:25:in `tagged'
  activesupport (4.0.2) lib/active_support/tagged_logging.rb:67:in `tagged'
  railties (4.0.2) lib/rails/rack/logger.rb:20:in `call'
  actionpack (4.0.2) lib/action_dispatch/middleware/request_id.rb:21:in `call'
  rack (1.5.2) lib/rack/methodoverride.rb:21:in `call'
  rack (1.5.2) lib/rack/runtime.rb:17:in `call'
  activesupport (4.0.2) lib/active_support/cache/strategy/local_cache.rb:83:in `call'
  rack (1.5.2) lib/rack/lock.rb:17:in `call'
  actionpack (4.0.2) lib/action_dispatch/middleware/static.rb:64:in `call'
  rack (1.5.2) lib/rack/sendfile.rb:112:in `call'
  railties (4.0.2) lib/rails/engine.rb:511:in `call'
  railties (4.0.2) lib/rails/application.rb:97:in `call'
  rack (1.5.2) lib/rack/lock.rb:17:in `call'
  rack (1.5.2) lib/rack/content_length.rb:14:in `call'
  rack (1.5.2) lib/rack/handler/webrick.rb:60:in `service'
  /home/gaohelie/.rvm/rubies/ruby-2.1.1/lib/ruby/2.1.0/webrick/httpserver.rb:138:in `service'
  /home/gaohelie/.rvm/rubies/ruby-2.1.1/lib/ruby/2.1.0/webrick/httpserver.rb:94:in `run'
  /home/gaohelie/.rvm/rubies/ruby-2.1.1/lib/ruby/2.1.0/webrick/server.rb:295:in `block in start_thread'


  Rendered /home/gaohelie/.rvm/gems/ruby-2.1.1/gems/actionpack-4.0.2/lib/action_dispatch/middleware/templates/rescues/_source.erb (0.7ms)
  Rendered /home/gaohelie/.rvm/gems/ruby-2.1.1/gems/actionpack-4.0.2/lib/action_dispatch/middleware/templates/rescues/_trace.erb (1.4ms)
  Rendered /home/gaohelie/.rvm/gems/ruby-2.1.1/gems/actionpack-4.0.2/lib/action_dispatch/middleware/templates/rescues/_request_and_response.erb (1.1ms)
  Rendered /home/gaohelie/.rvm/gems/ruby-2.1.1/gems/actionpack-4.0.2/lib/action_dispatch/middleware/templates/rescues/diagnostics.erb within rescues/layout (16.2ms)


Started GET "/up_downloads" for 192.168.247.2 at 2019-06-17 11:26:39 +0800
Processing by UpDownloadsController#index as HTML
  [1m[36mUser Load (0.2ms)[0m  [1mSELECT "users".* FROM "users" WHERE "users"."id" = 1 ORDER BY "users"."id" ASC LIMIT 1[0m
Completed 500 Internal Server Error in 7ms

CanCan::AccessDenied (You are not authorized to access this page.):
  cancancan (1.9.2) lib/cancan/ability.rb:219:in `authorize!'
  cancancan (1.9.2) lib/cancan/controller_additions.rb:338:in `authorize!'
  cancancan (1.9.2) lib/cancan/controller_resource.rb:41:in `authorize_resource'
  cancancan (1.9.2) lib/cancan/controller_resource.rb:26:in `load_and_authorize_resource'
  cancancan (1.9.2) lib/cancan/controller_resource.rb:10:in `block in add_before_filter'
  activesupport (4.0.2) lib/active_support/callbacks.rb:427:in `_run__964872959__process_action__callbacks'
  activesupport (4.0.2) lib/active_support/callbacks.rb:80:in `run_callbacks'
  actionpack (4.0.2) lib/abstract_controller/callbacks.rb:17:in `process_action'
  actionpack (4.0.2) lib/action_controller/metal/rescue.rb:29:in `process_action'
  actionpack (4.0.2) lib/action_controller/metal/instrumentation.rb:31:in `block in process_action'
  activesupport (4.0.2) lib/active_support/notifications.rb:159:in `block in instrument'
  activesupport (4.0.2) lib/active_support/notifications/instrumenter.rb:20:in `instrument'
  activesupport (4.0.2) lib/active_support/notifications.rb:159:in `instrument'
  actionpack (4.0.2) lib/action_controller/metal/instrumentation.rb:30:in `process_action'
  actionpack (4.0.2) lib/action_controller/metal/params_wrapper.rb:245:in `process_action'
  activerecord (4.0.2) lib/active_record/railties/controller_runtime.rb:18:in `process_action'
  actionpack (4.0.2) lib/abstract_controller/base.rb:136:in `process'
  actionpack (4.0.2) lib/abstract_controller/rendering.rb:44:in `process'
  actionpack (4.0.2) lib/action_controller/metal.rb:195:in `dispatch'
  actionpack (4.0.2) lib/action_controller/metal/rack_delegation.rb:13:in `dispatch'
  actionpack (4.0.2) lib/action_controller/metal.rb:231:in `block in action'
  actionpack (4.0.2) lib/action_dispatch/routing/route_set.rb:80:in `call'
  actionpack (4.0.2) lib/action_dispatch/routing/route_set.rb:80:in `dispatch'
  actionpack (4.0.2) lib/action_dispatch/routing/route_set.rb:48:in `call'
  actionpack (4.0.2) lib/action_dispatch/journey/router.rb:71:in `block in call'
  actionpack (4.0.2) lib/action_dispatch/journey/router.rb:59:in `each'
  actionpack (4.0.2) lib/action_dispatch/journey/router.rb:59:in `call'
  actionpack (4.0.2) lib/action_dispatch/routing/route_set.rb:680:in `call'
  warden (1.2.3) lib/warden/manager.rb:35:in `block in call'
  warden (1.2.3) lib/warden/manager.rb:34:in `catch'
  warden (1.2.3) lib/warden/manager.rb:34:in `call'
  rack (1.5.2) lib/rack/etag.rb:23:in `call'
  rack (1.5.2) lib/rack/conditionalget.rb:25:in `call'
  rack (1.5.2) lib/rack/head.rb:11:in `call'
  actionpack (4.0.2) lib/action_dispatch/middleware/params_parser.rb:27:in `call'
  actionpack (4.0.2) lib/action_dispatch/middleware/flash.rb:241:in `call'
  rack (1.5.2) lib/rack/session/abstract/id.rb:225:in `context'
  rack (1.5.2) lib/rack/session/abstract/id.rb:220:in `call'
  actionpack (4.0.2) lib/action_dispatch/middleware/cookies.rb:486:in `call'
  activerecord (4.0.2) lib/active_record/query_cache.rb:36:in `call'
  activerecord (4.0.2) lib/active_record/connection_adapters/abstract/connection_pool.rb:626:in `call'
  activerecord (4.0.2) lib/active_record/migration.rb:369:in `call'
  actionpack (4.0.2) lib/action_dispatch/middleware/callbacks.rb:29:in `block in call'
  activesupport (4.0.2) lib/active_support/callbacks.rb:373:in `_run__1033185572__call__callbacks'
  activesupport (4.0.2) lib/active_support/callbacks.rb:80:in `run_callbacks'
  actionpack (4.0.2) lib/action_dispatch/middleware/callbacks.rb:27:in `call'
  actionpack (4.0.2) lib/action_dispatch/middleware/reloader.rb:64:in `call'
  actionpack (4.0.2) lib/action_dispatch/middleware/remote_ip.rb:76:in `call'
  actionpack (4.0.2) lib/action_dispatch/middleware/debug_exceptions.rb:17:in `call'
  actionpack (4.0.2) lib/action_dispatch/middleware/show_exceptions.rb:30:in `call'
  railties (4.0.2) lib/rails/rack/logger.rb:38:in `call_app'
  railties (4.0.2) lib/rails/rack/logger.rb:20:in `block in call'
  activesupport (4.0.2) lib/active_support/tagged_logging.rb:67:in `block in tagged'
  activesupport (4.0.2) lib/active_support/tagged_logging.rb:25:in `tagged'
  activesupport (4.0.2) lib/active_support/tagged_logging.rb:67:in `tagged'
  railties (4.0.2) lib/rails/rack/logger.rb:20:in `call'
  actionpack (4.0.2) lib/action_dispatch/middleware/request_id.rb:21:in `call'
  rack (1.5.2) lib/rack/methodoverride.rb:21:in `call'
  rack (1.5.2) lib/rack/runtime.rb:17:in `call'
  activesupport (4.0.2) lib/active_support/cache/strategy/local_cache.rb:83:in `call'
  rack (1.5.2) lib/rack/lock.rb:17:in `call'
  actionpack (4.0.2) lib/action_dispatch/middleware/static.rb:64:in `call'
  rack (1.5.2) lib/rack/sendfile.rb:112:in `call'
  railties (4.0.2) lib/rails/engine.rb:511:in `call'
  railties (4.0.2) lib/rails/application.rb:97:in `call'
  rack (1.5.2) lib/rack/lock.rb:17:in `call'
  rack (1.5.2) lib/rack/content_length.rb:14:in `call'
  rack (1.5.2) lib/rack/handler/webrick.rb:60:in `service'
  /home/gaohelie/.rvm/rubies/ruby-2.1.1/lib/ruby/2.1.0/webrick/httpserver.rb:138:in `service'
  /home/gaohelie/.rvm/rubies/ruby-2.1.1/lib/ruby/2.1.0/webrick/httpserver.rb:94:in `run'
  /home/gaohelie/.rvm/rubies/ruby-2.1.1/lib/ruby/2.1.0/webrick/server.rb:295:in `block in start_thread'


  Rendered /home/gaohelie/.rvm/gems/ruby-2.1.1/gems/actionpack-4.0.2/lib/action_dispatch/middleware/templates/rescues/_source.erb (0.7ms)
  Rendered /home/gaohelie/.rvm/gems/ruby-2.1.1/gems/actionpack-4.0.2/lib/action_dispatch/middleware/templates/rescues/_trace.erb (1.3ms)
  Rendered /home/gaohelie/.rvm/gems/ruby-2.1.1/gems/actionpack-4.0.2/lib/action_dispatch/middleware/templates/rescues/_request_and_response.erb (2.3ms)
  Rendered /home/gaohelie/.rvm/gems/ruby-2.1.1/gems/actionpack-4.0.2/lib/action_dispatch/middleware/templates/rescues/diagnostics.erb within rescues/layout (19.7ms)


Started GET "/up_downloads" for 192.168.247.2 at 2019-06-17 11:28:36 +0800
Processing by UpDownloadsController#index as HTML
  [1m[35mUser Load (0.3ms)[0m  SELECT "users".* FROM "users" WHERE "users"."id" = 1 ORDER BY "users"."id" ASC LIMIT 1
  [1m[36m (0.2ms)[0m  [1mSELECT COUNT(*) FROM "up_downloads"[0m
  [1m[35mUpDownload Load (0.3ms)[0m  SELECT "up_downloads".* FROM "up_downloads" ORDER BY "up_downloads"."created_at" desc LIMIT 20 OFFSET 0
  Rendered up_downloads/index.html.erb within layouts/application (584.7ms)
Completed 200 OK in 920ms (Views: 866.4ms | ActiveRecord: 2.2ms)


Started GET "/assets/bootstrap_and_overrides.css?body=1" for 192.168.247.2 at 2019-06-17 11:28:37 +0800


Started GET "/assets/scaffolds.css?body=1" for 192.168.247.2 at 2019-06-17 11:28:37 +0800


Started GET "/assets/wice_grid.css?body=1" for 192.168.247.2 at 2019-06-17 11:28:37 +0800


Started GET "/assets/application.css?body=1" for 192.168.247.2 at 2019-06-17 11:28:37 +0800


Started GET "/up_downloads/to_import" for 192.168.247.2 at 2019-06-17 11:28:44 +0800
Processing by UpDownloadsController#to_import as HTML
  [1m[36mUser Load (0.2ms)[0m  [1mSELECT "users".* FROM "users" WHERE "users"."id" = 1 ORDER BY "users"."id" ASC LIMIT 1[0m
  Rendered up_downloads/up_download_import.html.erb within layouts/application (19.5ms)
Completed 200 OK in 264ms (Views: 251.6ms | ActiveRecord: 0.2ms)


Started GET "/up_downloads" for 192.168.247.2 at 2019-06-17 11:43:59 +0800
Processing by UpDownloadsController#index as HTML
  [1m[35mUser Load (0.4ms)[0m  SELECT "users".* FROM "users" WHERE "users"."id" = 1 ORDER BY "users"."id" ASC LIMIT 1
  [1m[36m (0.2ms)[0m  [1mSELECT COUNT(*) FROM "up_downloads"[0m
  [1m[35mUpDownload Load (0.2ms)[0m  SELECT "up_downloads".* FROM "up_downloads" ORDER BY "up_downloads"."created_at" desc LIMIT 20 OFFSET 0
  Rendered up_downloads/index.html.erb within layouts/application (730.6ms)
Completed 200 OK in 1063ms (Views: 1003.5ms | ActiveRecord: 2.9ms)


Started GET "/assets/application.css?body=1" for 192.168.247.2 at 2019-06-17 11:44:00 +0800


Started GET "/assets/bootstrap_and_overrides.css?body=1" for 192.168.247.2 at 2019-06-17 11:44:00 +0800


Started GET "/assets/scaffolds.css?body=1" for 192.168.247.2 at 2019-06-17 11:44:00 +0800


Started GET "/assets/wice_grid.css?body=1" for 192.168.247.2 at 2019-06-17 11:44:00 +0800


Started GET "/up_downloads/to_import" for 192.168.247.2 at 2019-06-17 11:44:01 +0800
Processing by UpDownloadsController#to_import as HTML
  [1m[36mUser Load (0.4ms)[0m  [1mSELECT "users".* FROM "users" WHERE "users"."id" = 1 ORDER BY "users"."id" ASC LIMIT 1[0m
  Rendered up_downloads/up_download_import.html.erb within layouts/application (13.2ms)
Completed 200 OK in 488ms (Views: 480.1ms | ActiveRecord: 0.4ms)


Started GET "/user_logs" for 192.168.247.2 at 2019-06-17 11:44:49 +0800
Processing by UserLogsController#index as HTML
  [1m[35mUser Load (0.3ms)[0m  SELECT "users".* FROM "users" WHERE "users"."id" = 1 ORDER BY "users"."id" ASC LIMIT 1
  [1m[36m (0.2ms)[0m  [1mSELECT COUNT(DISTINCT "user_logs"."id") FROM "user_logs" LEFT OUTER JOIN "users" ON "users"."id" = "user_logs"."user_id"[0m
  [1m[35mSQL (0.4ms)[0m  SELECT "user_logs"."id" AS t0_r0, "user_logs"."user_id" AS t0_r1, "user_logs"."operation" AS t0_r2, "user_logs"."object_class" AS t0_r3, "user_logs"."object_primary_key" AS t0_r4, "user_logs"."object_symbol" AS t0_r5, "user_logs"."desc" AS t0_r6, "user_logs"."parent_id" AS t0_r7, "user_logs"."parent_type" AS t0_r8, "user_logs"."created_at" AS t0_r9, "user_logs"."updated_at" AS t0_r10, "users"."id" AS t1_r0, "users"."email" AS t1_r1, "users"."encrypted_password" AS t1_r2, "users"."reset_password_token" AS t1_r3, "users"."reset_password_sent_at" AS t1_r4, "users"."remember_created_at" AS t1_r5, "users"."sign_in_count" AS t1_r6, "users"."current_sign_in_at" AS t1_r7, "users"."last_sign_in_at" AS t1_r8, "users"."current_sign_in_ip" AS t1_r9, "users"."last_sign_in_ip" AS t1_r10, "users"."username" AS t1_r11, "users"."role" AS t1_r12, "users"."name" AS t1_r13, "users"."unit_id" AS t1_r14, "users"."locked_at" AS t1_r15, "users"."failed_attempts" AS t1_r16, "users"."created_at" AS t1_r17, "users"."updated_at" AS t1_r18 FROM "user_logs" LEFT OUTER JOIN "users" ON "users"."id" = "user_logs"."user_id" ORDER BY "user_logs"."id" desc LIMIT 20 OFFSET 0
  Rendered user_logs/index.html.erb within layouts/application (109.4ms)
Completed 200 OK in 330ms (Views: 316.7ms | ActiveRecord: 1.6ms)
